# JRE version: Java(TM) SE Runtime Environment (17.0.3.1+2) (build 17.0.3.1+2-LTS-6)
# Java VM: Java HotSpot(TM) 64-Bit Server VM (17.0.3.1+2-LTS-6, mixed mode, sharing, tiered, compressed oops, compressed class ptrs, g1 gc, windows-amd64)
GC Precious Log:
 CPUs: 8 total, 8 available
 Memory: 8102M
 Large Page Support: Disabled
 NUMA Support: Disabled
 Compressed Oops: Enabled (32-bit)
 Heap Region Size: 1M
 Heap Min Capacity: 8M
 Heap Initial Capacity: 128M
 Heap Max Capacity: 2026M
 Pre-touch: Disabled
 Parallel Workers: 8
 Concurrent Workers: 2
 Concurrent Refinement Workers: 8
 Periodic GC: Disabled
Heap:
 garbage-first heap   total 54272K, used 23701K [0x0000000081600000, 0x0000000100000000)
  region size 1024K, 6 young (6144K), 2 survivors (2048K)
 Metaspace       used 47410K, committed 47744K, reserved 1097728K
  class space    used 6418K, committed 6592K, reserved 1048576K
GC Heap History (20 events):
Event: 1.062 GC heap before
{Heap before GC invocations=1 (full 0):
 garbage-first heap   total 131072K, used 32239K [0x0000000081600000, 0x0000000100000000)
  region size 1024K, 29 young (29696K), 3 survivors (3072K)
 Metaspace       used 10891K, committed 11136K, reserved 1064960K
  class space    used 1399K, committed 1536K, reserved 1048576K
}
Event: 1.065 GC heap after
{Heap after GC invocations=2 (full 0):
 garbage-first heap   total 131072K, used 8560K [0x0000000081600000, 0x0000000100000000)
  region size 1024K, 2 young (2048K), 2 survivors (2048K)
 Metaspace       used 10891K, committed 11136K, reserved 1064960K
  class space    used 1399K, committed 1536K, reserved 1048576K
}
Event: 1.750 GC heap before
{Heap before GC invocations=2 (full 0):
 garbage-first heap   total 131072K, used 68976K [0x0000000081600000, 0x0000000100000000)
  region size 1024K, 63 young (64512K), 2 survivors (2048K)
 Metaspace       used 21310K, committed 21504K, reserved 1073152K
  class space    used 2717K, committed 2816K, reserved 1048576K
}
Event: 1.755 GC heap after
{Heap after GC invocations=3 (full 0):
 garbage-first heap   total 131072K, used 11728K [0x0000000081600000, 0x0000000100000000)
  region size 1024K, 5 young (5120K), 5 survivors (5120K)
 Metaspace       used 21310K, committed 21504K, reserved 1073152K
  class space    used 2717K, committed 2816K, reserved 1048576K
}
Event: 2.198 GC heap before
{Heap before GC invocations=4 (full 0):
 garbage-first heap   total 45056K, used 33232K [0x0000000081600000, 0x0000000100000000)
  region size 1024K, 26 young (26624K), 5 survivors (5120K)
 Metaspace       used 24744K, committed 25024K, reserved 1073152K
  class space    used 3194K, committed 3328K, reserved 1048576K
}
Event: 2.207 GC heap after
{Heap after GC invocations=5 (full 0):
 garbage-first heap   total 45056K, used 13144K [0x0000000081600000, 0x0000000100000000)
  region size 1024K, 2 young (2048K), 2 survivors (2048K)
 Metaspace       used 24744K, committed 25024K, reserved 1073152K
  class space    used 3194K, committed 3328K, reserved 1048576K
}
Event: 2.597 GC heap before
{Heap before GC invocations=5 (full 0):
 garbage-first heap   total 45056K, used 30552K [0x0000000081600000, 0x0000000100000000)
  region size 1024K, 20 young (20480K), 2 survivors (2048K)
 Metaspace       used 28989K, committed 29248K, reserved 1081344K
  class space    used 3725K, committed 3840K, reserved 1048576K
}
Event: 2.604 GC heap after
{Heap after GC invocations=6 (full 0):
 garbage-first heap   total 45056K, used 15719K [0x0000000081600000, 0x0000000100000000)
  region size 1024K, 3 young (3072K), 3 survivors (3072K)
 Metaspace       used 28989K, committed 29248K, reserved 1081344K
  class space    used 3725K, committed 3840K, reserved 1048576K
}
Event: 2.868 GC heap before
{Heap before GC invocations=6 (full 0):
 garbage-first heap   total 45056K, used 31079K [0x0000000081600000, 0x0000000100000000)
  region size 1024K, 19 young (19456K), 3 survivors (3072K)
 Metaspace       used 30901K, committed 31232K, reserved 1081344K
  class space    used 3990K, committed 4160K, reserved 1048576K
}
Event: 2.871 GC heap after
{Heap after GC invocations=7 (full 0):
 garbage-first heap   total 45056K, used 17155K [0x0000000081600000, 0x0000000100000000)
  region size 1024K, 2 young (2048K), 2 survivors (2048K)
 Metaspace       used 30901K, committed 31232K, reserved 1081344K
  class space    used 3990K, committed 4160K, reserved 1048576K
}
Event: 3.143 GC heap before
{Heap before GC invocations=7 (full 0):
 garbage-first heap   total 45056K, used 33539K [0x0000000081600000, 0x0000000100000000)
  region size 1024K, 18 young (18432K), 2 survivors (2048K)
 Metaspace       used 34716K, committed 34944K, reserved 1081344K
  class space    used 4612K, committed 4736K, reserved 1048576K
}
Event: 3.145 GC heap after
{Heap after GC invocations=8 (full 0):
 garbage-first heap   total 45056K, used 17663K [0x0000000081600000, 0x0000000100000000)
  region size 1024K, 3 young (3072K), 3 survivors (3072K)
 Metaspace       used 34716K, committed 34944K, reserved 1081344K
  class space    used 4612K, committed 4736K, reserved 1048576K
}
Event: 3.200 GC heap before
{Heap before GC invocations=8 (full 0):
 garbage-first heap   total 45056K, used 20735K [0x0000000081600000, 0x0000000100000000)
  region size 1024K, 7 young (7168K), 3 survivors (3072K)
 Metaspace       used 35694K, committed 35968K, reserved 1081344K
  class space    used 4777K, committed 4928K, reserved 1048576K
}
Event: 3.202 GC heap after
{Heap after GC invocations=9 (full 0):
 garbage-first heap   total 45056K, used 17831K [0x0000000081600000, 0x0000000100000000)
  region size 1024K, 1 young (1024K), 1 survivors (1024K)
 Metaspace       used 35694K, committed 35968K, reserved 1081344K
  class space    used 4777K, committed 4928K, reserved 1048576K
}
Event: 3.608 GC heap before
{Heap before GC invocations=10 (full 0):
 garbage-first heap   total 45056K, used 34215K [0x0000000081600000, 0x0000000100000000)
  region size 1024K, 18 young (18432K), 1 survivors (1024K)
 Metaspace       used 40281K, committed 40576K, reserved 1089536K
  class space    used 5357K, committed 5504K, reserved 1048576K
}
Event: 3.609 GC heap after
{Heap after GC invocations=11 (full 0):
 garbage-first heap   total 45056K, used 18873K [0x0000000081600000, 0x0000000100000000)
  region size 1024K, 2 young (2048K), 2 survivors (2048K)
 Metaspace       used 40281K, committed 40576K, reserved 1089536K
  class space    used 5357K, committed 5504K, reserved 1048576K
}
Event: 3.873 GC heap before
{Heap before GC invocations=11 (full 0):
 garbage-first heap   total 45056K, used 34233K [0x0000000081600000, 0x0000000100000000)
  region size 1024K, 18 young (18432K), 2 survivors (2048K)
 Metaspace       used 43986K, committed 44288K, reserved 1089536K
  class space    used 5844K, committed 6016K, reserved 1048576K
}
Event: 3.875 GC heap after
{Heap after GC invocations=12 (full 0):
 garbage-first heap   total 45056K, used 19868K [0x0000000081600000, 0x0000000100000000)
  region size 1024K, 3 young (3072K), 3 survivors (3072K)
 Metaspace       used 43986K, committed 44288K, reserved 1089536K
  class space    used 5844K, committed 6016K, reserved 1048576K
}
Event: 4.216 GC heap before
{Heap before GC invocations=12 (full 0):
 garbage-first heap   total 45056K, used 35228K [0x0000000081600000, 0x0000000100000000)
  region size 1024K, 18 young (18432K), 3 survivors (3072K)
 Metaspace       used 46712K, committed 47040K, reserved 1089536K
  class space    used 6313K, committed 6464K, reserved 1048576K
}
Event: 4.218 GC heap after
{Heap after GC invocations=13 (full 0):
 garbage-first heap   total 54272K, used 20629K [0x0000000081600000, 0x0000000100000000)
  region size 1024K, 2 young (2048K), 2 survivors (2048K)
 Metaspace       used 46712K, committed 47040K, reserved 1089536K
  class space    used 6313K, committed 6464K, reserved 1048576K
}

